The system is: Linux - 2.6.31.14-0.8-desktop - i686
Compiling the C compiler identification source file "CMakeCCompilerId.c" succeeded.
Compiler: /usr/bin/cc 
Build flags: 
Id flags: 

The output was:
0


Compilation of the C compiler identification source "CMakeCCompilerId.c" produced "a.out"

The C compiler identification is GNU, found in "/home/jinwang/Dropbox/test/build/CMakeFiles/2.8.10.2/CompilerIdC/a.out"

Compiling the CXX compiler identification source file "CMakeCXXCompilerId.cpp" succeeded.
Compiler: /usr/bin/c++ 
Build flags: 
Id flags: 

The output was:
0


Compilation of the CXX compiler identification source "CMakeCXXCompilerId.cpp" produced "a.out"

The CXX compiler identification is GNU, found in "/home/jinwang/Dropbox/test/build/CMakeFiles/2.8.10.2/CompilerIdCXX/a.out"

Determining if the C compiler works passed with the following output:
Change Dir: /home/jinwang/Dropbox/test/build/CMakeFiles/CMakeTmp

Run Build Command:/usr/bin/gmake "cmTryCompileExec1253537303/fast"
/usr/bin/gmake -f CMakeFiles/cmTryCompileExec1253537303.dir/build.make CMakeFiles/cmTryCompileExec1253537303.dir/build
gmake[1]: Entering directory `/home/jinwang/Dropbox/test/build/CMakeFiles/CMakeTmp'
/home/jinwang/bin/cmake -E cmake_progress_report /home/jinwang/Dropbox/test/build/CMakeFiles/CMakeTmp/CMakeFiles 1
Building C object CMakeFiles/cmTryCompileExec1253537303.dir/testCCompiler.c.o
/usr/bin/cc    -o CMakeFiles/cmTryCompileExec1253537303.dir/testCCompiler.c.o   -c /home/jinwang/Dropbox/test/build/CMakeFiles/CMakeTmp/testCCompiler.c
Linking C executable cmTryCompileExec1253537303
/home/jinwang/bin/cmake -E cmake_link_script CMakeFiles/cmTryCompileExec1253537303.dir/link.txt --verbose=1
/usr/bin/cc         CMakeFiles/cmTryCompileExec1253537303.dir/testCCompiler.c.o  -o cmTryCompileExec1253537303 -rdynamic 
gmake[1]: Leaving directory `/home/jinwang/Dropbox/test/build/CMakeFiles/CMakeTmp'


Detecting C compiler ABI info compiled with the following output:
Change Dir: /home/jinwang/Dropbox/test/build/CMakeFiles/CMakeTmp

Run Build Command:/usr/bin/gmake "cmTryCompileExec436588869/fast"
/usr/bin/gmake -f CMakeFiles/cmTryCompileExec436588869.dir/build.make CMakeFiles/cmTryCompileExec436588869.dir/build
gmake[1]: Entering directory `/home/jinwang/Dropbox/test/build/CMakeFiles/CMakeTmp'
/home/jinwang/bin/cmake -E cmake_progress_report /home/jinwang/Dropbox/test/build/CMakeFiles/CMakeTmp/CMakeFiles 1
Building C object CMakeFiles/cmTryCompileExec436588869.dir/CMakeCCompilerABI.c.o
/usr/bin/cc    -o CMakeFiles/cmTryCompileExec436588869.dir/CMakeCCompilerABI.c.o   -c /home/jinwang/project/cmake/cmake-2.8.10.2/Modules/CMakeCCompilerABI.c
Linking C executable cmTryCompileExec436588869
/home/jinwang/bin/cmake -E cmake_link_script CMakeFiles/cmTryCompileExec436588869.dir/link.txt --verbose=1
/usr/bin/cc       -v CMakeFiles/cmTryCompileExec436588869.dir/CMakeCCompilerABI.c.o  -o cmTryCompileExec436588869 -rdynamic  
Using built-in specs.
Target: i586-suse-linux
Configured with: ../configure --prefix=/usr --infodir=/usr/share/info --mandir=/usr/share/man --libdir=/usr/lib --libexecdir=/usr/lib --enable-languages=c,c++,objc,fortran,obj-c++,java,ada --enable-checking=release --with-gxx-include-dir=/usr/include/c++/4.4 --enable-ssp --disable-libssp --with-bugurl=http://bugs.opensuse.org/ --with-pkgversion='SUSE Linux' --disable-libgcj --disable-libmudflap --with-slibdir=/lib --with-system-zlib --enable-__cxa_atexit --enable-libstdcxx-allocator=new --disable-libstdcxx-pch --enable-version-specific-runtime-libs --program-suffix=-4.4 --enable-linux-futex --without-system-libunwind --with-arch-32=i586 --with-tune=generic --build=i586-suse-linux
Thread model: posix
gcc version 4.4.1 [gcc-4_4-branch revision 150839] (SUSE Linux) 
COMPILER_PATH=/usr/lib/gcc/i586-suse-linux/4.4/:/usr/lib/gcc/i586-suse-linux/4.4/:/usr/lib/gcc/i586-suse-linux/:/usr/lib/gcc/i586-suse-linux/4.4/:/usr/lib/gcc/i586-suse-linux/:/usr/lib/gcc/i586-suse-linux/4.4/:/usr/lib/gcc/i586-suse-linux/:/usr/lib/gcc/i586-suse-linux/4.4/../../../../i586-suse-linux/bin/
LIBRARY_PATH=/usr/lib/gcc/i586-suse-linux/4.4/:/usr/lib/gcc/i586-suse-linux/4.4/:/usr/lib/gcc/i586-suse-linux/4.4/../../../../i586-suse-linux/lib/:/usr/lib/gcc/i586-suse-linux/4.4/../../../:/lib/:/usr/lib/
COLLECT_GCC_OPTIONS='-v' '-o' 'cmTryCompileExec436588869' '-rdynamic' '-mtune=generic' '-march=i586'
 /usr/lib/gcc/i586-suse-linux/4.4/collect2 --build-id --eh-frame-hdr -m elf_i386 -export-dynamic -dynamic-linker /lib/ld-linux.so.2 -o cmTryCompileExec436588869 /usr/lib/gcc/i586-suse-linux/4.4/../../../crt1.o /usr/lib/gcc/i586-suse-linux/4.4/../../../crti.o /usr/lib/gcc/i586-suse-linux/4.4/crtbegin.o -L/usr/lib/gcc/i586-suse-linux/4.4 -L/usr/lib/gcc/i586-suse-linux/4.4 -L/usr/lib/gcc/i586-suse-linux/4.4/../../../../i586-suse-linux/lib -L/usr/lib/gcc/i586-suse-linux/4.4/../../.. CMakeFiles/cmTryCompileExec436588869.dir/CMakeCCompilerABI.c.o -lgcc --as-needed -lgcc_s --no-as-needed -lc -lgcc --as-needed -lgcc_s --no-as-needed /usr/lib/gcc/i586-suse-linux/4.4/crtend.o /usr/lib/gcc/i586-suse-linux/4.4/../../../crtn.o
gmake[1]: Leaving directory `/home/jinwang/Dropbox/test/build/CMakeFiles/CMakeTmp'


Parsed C implicit link information from above output:
  link line regex: [^( *|.*[/\])(ld|ld|collect2)[^/\]*( |$)]
  ignore line: [Change Dir: /home/jinwang/Dropbox/test/build/CMakeFiles/CMakeTmp]
  ignore line: []
  ignore line: [Run Build Command:/usr/bin/gmake "cmTryCompileExec436588869/fast"]
  ignore line: [/usr/bin/gmake -f CMakeFiles/cmTryCompileExec436588869.dir/build.make CMakeFiles/cmTryCompileExec436588869.dir/build]
  ignore line: [gmake[1]: Entering directory `/home/jinwang/Dropbox/test/build/CMakeFiles/CMakeTmp']
  ignore line: [/home/jinwang/bin/cmake -E cmake_progress_report /home/jinwang/Dropbox/test/build/CMakeFiles/CMakeTmp/CMakeFiles 1]
  ignore line: [Building C object CMakeFiles/cmTryCompileExec436588869.dir/CMakeCCompilerABI.c.o]
  ignore line: [/usr/bin/cc    -o CMakeFiles/cmTryCompileExec436588869.dir/CMakeCCompilerABI.c.o   -c /home/jinwang/project/cmake/cmake-2.8.10.2/Modules/CMakeCCompilerABI.c]
  ignore line: [Linking C executable cmTryCompileExec436588869]
  ignore line: [/home/jinwang/bin/cmake -E cmake_link_script CMakeFiles/cmTryCompileExec436588869.dir/link.txt --verbose=1]
  ignore line: [/usr/bin/cc       -v CMakeFiles/cmTryCompileExec436588869.dir/CMakeCCompilerABI.c.o  -o cmTryCompileExec436588869 -rdynamic  ]
  ignore line: [Using built-in specs.]
  ignore line: [Target: i586-suse-linux]
  ignore line: [Configured with: ../configure --prefix=/usr --infodir=/usr/share/info --mandir=/usr/share/man --libdir=/usr/lib --libexecdir=/usr/lib --enable-languages=c,c++,objc,fortran,obj-c++,java,ada --enable-checking=release --with-gxx-include-dir=/usr/include/c++/4.4 --enable-ssp --disable-libssp --with-bugurl=http://bugs.opensuse.org/ --with-pkgversion='SUSE Linux' --disable-libgcj --disable-libmudflap --with-slibdir=/lib --with-system-zlib --enable-__cxa_atexit --enable-libstdcxx-allocator=new --disable-libstdcxx-pch --enable-version-specific-runtime-libs --program-suffix=-4.4 --enable-linux-futex --without-system-libunwind --with-arch-32=i586 --with-tune=generic --build=i586-suse-linux]
  ignore line: [Thread model: posix]
  ignore line: [gcc version 4.4.1 [gcc-4_4-branch revision 150839] (SUSE Linux) ]
  ignore line: [COMPILER_PATH=/usr/lib/gcc/i586-suse-linux/4.4/:/usr/lib/gcc/i586-suse-linux/4.4/:/usr/lib/gcc/i586-suse-linux/:/usr/lib/gcc/i586-suse-linux/4.4/:/usr/lib/gcc/i586-suse-linux/:/usr/lib/gcc/i586-suse-linux/4.4/:/usr/lib/gcc/i586-suse-linux/:/usr/lib/gcc/i586-suse-linux/4.4/../../../../i586-suse-linux/bin/]
  ignore line: [LIBRARY_PATH=/usr/lib/gcc/i586-suse-linux/4.4/:/usr/lib/gcc/i586-suse-linux/4.4/:/usr/lib/gcc/i586-suse-linux/4.4/../../../../i586-suse-linux/lib/:/usr/lib/gcc/i586-suse-linux/4.4/../../../:/lib/:/usr/lib/]
  ignore line: [COLLECT_GCC_OPTIONS='-v' '-o' 'cmTryCompileExec436588869' '-rdynamic' '-mtune=generic' '-march=i586']
  link line: [ /usr/lib/gcc/i586-suse-linux/4.4/collect2 --build-id --eh-frame-hdr -m elf_i386 -export-dynamic -dynamic-linker /lib/ld-linux.so.2 -o cmTryCompileExec436588869 /usr/lib/gcc/i586-suse-linux/4.4/../../../crt1.o /usr/lib/gcc/i586-suse-linux/4.4/../../../crti.o /usr/lib/gcc/i586-suse-linux/4.4/crtbegin.o -L/usr/lib/gcc/i586-suse-linux/4.4 -L/usr/lib/gcc/i586-suse-linux/4.4 -L/usr/lib/gcc/i586-suse-linux/4.4/../../../../i586-suse-linux/lib -L/usr/lib/gcc/i586-suse-linux/4.4/../../.. CMakeFiles/cmTryCompileExec436588869.dir/CMakeCCompilerABI.c.o -lgcc --as-needed -lgcc_s --no-as-needed -lc -lgcc --as-needed -lgcc_s --no-as-needed /usr/lib/gcc/i586-suse-linux/4.4/crtend.o /usr/lib/gcc/i586-suse-linux/4.4/../../../crtn.o]
    arg [/usr/lib/gcc/i586-suse-linux/4.4/collect2] ==> ignore
    arg [--build-id] ==> ignore
    arg [--eh-frame-hdr] ==> ignore
    arg [-m] ==> ignore
    arg [elf_i386] ==> ignore
    arg [-export-dynamic] ==> ignore
    arg [-dynamic-linker] ==> ignore
    arg [/lib/ld-linux.so.2] ==> ignore
    arg [-o] ==> ignore
    arg [cmTryCompileExec436588869] ==> ignore
    arg [/usr/lib/gcc/i586-suse-linux/4.4/../../../crt1.o] ==> ignore
    arg [/usr/lib/gcc/i586-suse-linux/4.4/../../../crti.o] ==> ignore
    arg [/usr/lib/gcc/i586-suse-linux/4.4/crtbegin.o] ==> ignore
    arg [-L/usr/lib/gcc/i586-suse-linux/4.4] ==> dir [/usr/lib/gcc/i586-suse-linux/4.4]
    arg [-L/usr/lib/gcc/i586-suse-linux/4.4] ==> dir [/usr/lib/gcc/i586-suse-linux/4.4]
    arg [-L/usr/lib/gcc/i586-suse-linux/4.4/../../../../i586-suse-linux/lib] ==> dir [/usr/lib/gcc/i586-suse-linux/4.4/../../../../i586-suse-linux/lib]
    arg [-L/usr/lib/gcc/i586-suse-linux/4.4/../../..] ==> dir [/usr/lib/gcc/i586-suse-linux/4.4/../../..]
    arg [CMakeFiles/cmTryCompileExec436588869.dir/CMakeCCompilerABI.c.o] ==> ignore
    arg [-lgcc] ==> lib [gcc]
    arg [--as-needed] ==> ignore
    arg [-lgcc_s] ==> lib [gcc_s]
    arg [--no-as-needed] ==> ignore
    arg [-lc] ==> lib [c]
    arg [-lgcc] ==> lib [gcc]
    arg [--as-needed] ==> ignore
    arg [-lgcc_s] ==> lib [gcc_s]
    arg [--no-as-needed] ==> ignore
    arg [/usr/lib/gcc/i586-suse-linux/4.4/crtend.o] ==> ignore
    arg [/usr/lib/gcc/i586-suse-linux/4.4/../../../crtn.o] ==> ignore
  remove lib [gcc]
  remove lib [gcc_s]
  remove lib [gcc]
  remove lib [gcc_s]
  collapse dir [/usr/lib/gcc/i586-suse-linux/4.4] ==> [/usr/lib/gcc/i586-suse-linux/4.4]
  collapse dir [/usr/lib/gcc/i586-suse-linux/4.4] ==> [/usr/lib/gcc/i586-suse-linux/4.4]
  collapse dir [/usr/lib/gcc/i586-suse-linux/4.4/../../../../i586-suse-linux/lib] ==> [/usr/i586-suse-linux/lib]
  collapse dir [/usr/lib/gcc/i586-suse-linux/4.4/../../..] ==> [/usr/lib]
  implicit libs: [c]
  implicit dirs: [/usr/lib/gcc/i586-suse-linux/4.4;/usr/i586-suse-linux/lib;/usr/lib]


Determining if the CXX compiler works passed with the following output:
Change Dir: /home/jinwang/Dropbox/test/build/CMakeFiles/CMakeTmp

Run Build Command:/usr/bin/gmake "cmTryCompileExec4227442630/fast"
/usr/bin/gmake -f CMakeFiles/cmTryCompileExec4227442630.dir/build.make CMakeFiles/cmTryCompileExec4227442630.dir/build
gmake[1]: Entering directory `/home/jinwang/Dropbox/test/build/CMakeFiles/CMakeTmp'
/home/jinwang/bin/cmake -E cmake_progress_report /home/jinwang/Dropbox/test/build/CMakeFiles/CMakeTmp/CMakeFiles 1
Building CXX object CMakeFiles/cmTryCompileExec4227442630.dir/testCXXCompiler.cxx.o
/usr/bin/c++     -o CMakeFiles/cmTryCompileExec4227442630.dir/testCXXCompiler.cxx.o -c /home/jinwang/Dropbox/test/build/CMakeFiles/CMakeTmp/testCXXCompiler.cxx
Linking CXX executable cmTryCompileExec4227442630
/home/jinwang/bin/cmake -E cmake_link_script CMakeFiles/cmTryCompileExec4227442630.dir/link.txt --verbose=1
/usr/bin/c++          CMakeFiles/cmTryCompileExec4227442630.dir/testCXXCompiler.cxx.o  -o cmTryCompileExec4227442630 -rdynamic 
gmake[1]: Leaving directory `/home/jinwang/Dropbox/test/build/CMakeFiles/CMakeTmp'


Detecting CXX compiler ABI info compiled with the following output:
Change Dir: /home/jinwang/Dropbox/test/build/CMakeFiles/CMakeTmp

Run Build Command:/usr/bin/gmake "cmTryCompileExec3837199057/fast"
/usr/bin/gmake -f CMakeFiles/cmTryCompileExec3837199057.dir/build.make CMakeFiles/cmTryCompileExec3837199057.dir/build
gmake[1]: Entering directory `/home/jinwang/Dropbox/test/build/CMakeFiles/CMakeTmp'
/home/jinwang/bin/cmake -E cmake_progress_report /home/jinwang/Dropbox/test/build/CMakeFiles/CMakeTmp/CMakeFiles 1
Building CXX object CMakeFiles/cmTryCompileExec3837199057.dir/CMakeCXXCompilerABI.cpp.o
/usr/bin/c++     -o CMakeFiles/cmTryCompileExec3837199057.dir/CMakeCXXCompilerABI.cpp.o -c /home/jinwang/project/cmake/cmake-2.8.10.2/Modules/CMakeCXXCompilerABI.cpp
Linking CXX executable cmTryCompileExec3837199057
/home/jinwang/bin/cmake -E cmake_link_script CMakeFiles/cmTryCompileExec3837199057.dir/link.txt --verbose=1
/usr/bin/c++        -v CMakeFiles/cmTryCompileExec3837199057.dir/CMakeCXXCompilerABI.cpp.o  -o cmTryCompileExec3837199057 -rdynamic  
Using built-in specs.
Target: i586-suse-linux
Configured with: ../configure --prefix=/usr --infodir=/usr/share/info --mandir=/usr/share/man --libdir=/usr/lib --libexecdir=/usr/lib --enable-languages=c,c++,objc,fortran,obj-c++,java,ada --enable-checking=release --with-gxx-include-dir=/usr/include/c++/4.4 --enable-ssp --disable-libssp --with-bugurl=http://bugs.opensuse.org/ --with-pkgversion='SUSE Linux' --disable-libgcj --disable-libmudflap --with-slibdir=/lib --with-system-zlib --enable-__cxa_atexit --enable-libstdcxx-allocator=new --disable-libstdcxx-pch --enable-version-specific-runtime-libs --program-suffix=-4.4 --enable-linux-futex --without-system-libunwind --with-arch-32=i586 --with-tune=generic --build=i586-suse-linux
Thread model: posix
gcc version 4.4.1 [gcc-4_4-branch revision 150839] (SUSE Linux) 
COMPILER_PATH=/usr/lib/gcc/i586-suse-linux/4.4/:/usr/lib/gcc/i586-suse-linux/4.4/:/usr/lib/gcc/i586-suse-linux/:/usr/lib/gcc/i586-suse-linux/4.4/:/usr/lib/gcc/i586-suse-linux/:/usr/lib/gcc/i586-suse-linux/4.4/:/usr/lib/gcc/i586-suse-linux/:/usr/lib/gcc/i586-suse-linux/4.4/../../../../i586-suse-linux/bin/
LIBRARY_PATH=/usr/lib/gcc/i586-suse-linux/4.4/:/usr/lib/gcc/i586-suse-linux/4.4/:/usr/lib/gcc/i586-suse-linux/4.4/../../../../i586-suse-linux/lib/:/usr/lib/gcc/i586-suse-linux/4.4/../../../:/lib/:/usr/lib/
COLLECT_GCC_OPTIONS='-v' '-o' 'cmTryCompileExec3837199057' '-rdynamic' '-shared-libgcc' '-mtune=generic' '-march=i586'
 /usr/lib/gcc/i586-suse-linux/4.4/collect2 --build-id --eh-frame-hdr -m elf_i386 -export-dynamic -dynamic-linker /lib/ld-linux.so.2 -o cmTryCompileExec3837199057 /usr/lib/gcc/i586-suse-linux/4.4/../../../crt1.o /usr/lib/gcc/i586-suse-linux/4.4/../../../crti.o /usr/lib/gcc/i586-suse-linux/4.4/crtbegin.o -L/usr/lib/gcc/i586-suse-linux/4.4 -L/usr/lib/gcc/i586-suse-linux/4.4 -L/usr/lib/gcc/i586-suse-linux/4.4/../../../../i586-suse-linux/lib -L/usr/lib/gcc/i586-suse-linux/4.4/../../.. CMakeFiles/cmTryCompileExec3837199057.dir/CMakeCXXCompilerABI.cpp.o -lstdc++ -lm -lgcc_s -lgcc -lc -lgcc_s -lgcc /usr/lib/gcc/i586-suse-linux/4.4/crtend.o /usr/lib/gcc/i586-suse-linux/4.4/../../../crtn.o
gmake[1]: Leaving directory `/home/jinwang/Dropbox/test/build/CMakeFiles/CMakeTmp'


Parsed CXX implicit link information from above output:
  link line regex: [^( *|.*[/\])(ld|ld|collect2)[^/\]*( |$)]
  ignore line: [Change Dir: /home/jinwang/Dropbox/test/build/CMakeFiles/CMakeTmp]
  ignore line: []
  ignore line: [Run Build Command:/usr/bin/gmake "cmTryCompileExec3837199057/fast"]
  ignore line: [/usr/bin/gmake -f CMakeFiles/cmTryCompileExec3837199057.dir/build.make CMakeFiles/cmTryCompileExec3837199057.dir/build]
  ignore line: [gmake[1]: Entering directory `/home/jinwang/Dropbox/test/build/CMakeFiles/CMakeTmp']
  ignore line: [/home/jinwang/bin/cmake -E cmake_progress_report /home/jinwang/Dropbox/test/build/CMakeFiles/CMakeTmp/CMakeFiles 1]
  ignore line: [Building CXX object CMakeFiles/cmTryCompileExec3837199057.dir/CMakeCXXCompilerABI.cpp.o]
  ignore line: [/usr/bin/c++     -o CMakeFiles/cmTryCompileExec3837199057.dir/CMakeCXXCompilerABI.cpp.o -c /home/jinwang/project/cmake/cmake-2.8.10.2/Modules/CMakeCXXCompilerABI.cpp]
  ignore line: [Linking CXX executable cmTryCompileExec3837199057]
  ignore line: [/home/jinwang/bin/cmake -E cmake_link_script CMakeFiles/cmTryCompileExec3837199057.dir/link.txt --verbose=1]
  ignore line: [/usr/bin/c++        -v CMakeFiles/cmTryCompileExec3837199057.dir/CMakeCXXCompilerABI.cpp.o  -o cmTryCompileExec3837199057 -rdynamic  ]
  ignore line: [Using built-in specs.]
  ignore line: [Target: i586-suse-linux]
  ignore line: [Configured with: ../configure --prefix=/usr --infodir=/usr/share/info --mandir=/usr/share/man --libdir=/usr/lib --libexecdir=/usr/lib --enable-languages=c,c++,objc,fortran,obj-c++,java,ada --enable-checking=release --with-gxx-include-dir=/usr/include/c++/4.4 --enable-ssp --disable-libssp --with-bugurl=http://bugs.opensuse.org/ --with-pkgversion='SUSE Linux' --disable-libgcj --disable-libmudflap --with-slibdir=/lib --with-system-zlib --enable-__cxa_atexit --enable-libstdcxx-allocator=new --disable-libstdcxx-pch --enable-version-specific-runtime-libs --program-suffix=-4.4 --enable-linux-futex --without-system-libunwind --with-arch-32=i586 --with-tune=generic --build=i586-suse-linux]
  ignore line: [Thread model: posix]
  ignore line: [gcc version 4.4.1 [gcc-4_4-branch revision 150839] (SUSE Linux) ]
  ignore line: [COMPILER_PATH=/usr/lib/gcc/i586-suse-linux/4.4/:/usr/lib/gcc/i586-suse-linux/4.4/:/usr/lib/gcc/i586-suse-linux/:/usr/lib/gcc/i586-suse-linux/4.4/:/usr/lib/gcc/i586-suse-linux/:/usr/lib/gcc/i586-suse-linux/4.4/:/usr/lib/gcc/i586-suse-linux/:/usr/lib/gcc/i586-suse-linux/4.4/../../../../i586-suse-linux/bin/]
  ignore line: [LIBRARY_PATH=/usr/lib/gcc/i586-suse-linux/4.4/:/usr/lib/gcc/i586-suse-linux/4.4/:/usr/lib/gcc/i586-suse-linux/4.4/../../../../i586-suse-linux/lib/:/usr/lib/gcc/i586-suse-linux/4.4/../../../:/lib/:/usr/lib/]
  ignore line: [COLLECT_GCC_OPTIONS='-v' '-o' 'cmTryCompileExec3837199057' '-rdynamic' '-shared-libgcc' '-mtune=generic' '-march=i586']
  link line: [ /usr/lib/gcc/i586-suse-linux/4.4/collect2 --build-id --eh-frame-hdr -m elf_i386 -export-dynamic -dynamic-linker /lib/ld-linux.so.2 -o cmTryCompileExec3837199057 /usr/lib/gcc/i586-suse-linux/4.4/../../../crt1.o /usr/lib/gcc/i586-suse-linux/4.4/../../../crti.o /usr/lib/gcc/i586-suse-linux/4.4/crtbegin.o -L/usr/lib/gcc/i586-suse-linux/4.4 -L/usr/lib/gcc/i586-suse-linux/4.4 -L/usr/lib/gcc/i586-suse-linux/4.4/../../../../i586-suse-linux/lib -L/usr/lib/gcc/i586-suse-linux/4.4/../../.. CMakeFiles/cmTryCompileExec3837199057.dir/CMakeCXXCompilerABI.cpp.o -lstdc++ -lm -lgcc_s -lgcc -lc -lgcc_s -lgcc /usr/lib/gcc/i586-suse-linux/4.4/crtend.o /usr/lib/gcc/i586-suse-linux/4.4/../../../crtn.o]
    arg [/usr/lib/gcc/i586-suse-linux/4.4/collect2] ==> ignore
    arg [--build-id] ==> ignore
    arg [--eh-frame-hdr] ==> ignore
    arg [-m] ==> ignore
    arg [elf_i386] ==> ignore
    arg [-export-dynamic] ==> ignore
    arg [-dynamic-linker] ==> ignore
    arg [/lib/ld-linux.so.2] ==> ignore
    arg [-o] ==> ignore
    arg [cmTryCompileExec3837199057] ==> ignore
    arg [/usr/lib/gcc/i586-suse-linux/4.4/../../../crt1.o] ==> ignore
    arg [/usr/lib/gcc/i586-suse-linux/4.4/../../../crti.o] ==> ignore
    arg [/usr/lib/gcc/i586-suse-linux/4.4/crtbegin.o] ==> ignore
    arg [-L/usr/lib/gcc/i586-suse-linux/4.4] ==> dir [/usr/lib/gcc/i586-suse-linux/4.4]
    arg [-L/usr/lib/gcc/i586-suse-linux/4.4] ==> dir [/usr/lib/gcc/i586-suse-linux/4.4]
    arg [-L/usr/lib/gcc/i586-suse-linux/4.4/../../../../i586-suse-linux/lib] ==> dir [/usr/lib/gcc/i586-suse-linux/4.4/../../../../i586-suse-linux/lib]
    arg [-L/usr/lib/gcc/i586-suse-linux/4.4/../../..] ==> dir [/usr/lib/gcc/i586-suse-linux/4.4/../../..]
    arg [CMakeFiles/cmTryCompileExec3837199057.dir/CMakeCXXCompilerABI.cpp.o] ==> ignore
    arg [-lstdc++] ==> lib [stdc++]
    arg [-lm] ==> lib [m]
    arg [-lgcc_s] ==> lib [gcc_s]
    arg [-lgcc] ==> lib [gcc]
    arg [-lc] ==> lib [c]
    arg [-lgcc_s] ==> lib [gcc_s]
    arg [-lgcc] ==> lib [gcc]
    arg [/usr/lib/gcc/i586-suse-linux/4.4/crtend.o] ==> ignore
    arg [/usr/lib/gcc/i586-suse-linux/4.4/../../../crtn.o] ==> ignore
  remove lib [gcc_s]
  remove lib [gcc]
  remove lib [gcc_s]
  remove lib [gcc]
  collapse dir [/usr/lib/gcc/i586-suse-linux/4.4] ==> [/usr/lib/gcc/i586-suse-linux/4.4]
  collapse dir [/usr/lib/gcc/i586-suse-linux/4.4] ==> [/usr/lib/gcc/i586-suse-linux/4.4]
  collapse dir [/usr/lib/gcc/i586-suse-linux/4.4/../../../../i586-suse-linux/lib] ==> [/usr/i586-suse-linux/lib]
  collapse dir [/usr/lib/gcc/i586-suse-linux/4.4/../../..] ==> [/usr/lib]
  implicit libs: [stdc++;m;c]
  implicit dirs: [/usr/lib/gcc/i586-suse-linux/4.4;/usr/i586-suse-linux/lib;/usr/lib]


